c:\users\user\desktop\pro\algorithm\studyalgorithm\studyalgorithm\x64\debug\vc143.pdb
c:\users\user\desktop\pro\algorithm\studyalgorithm\studyalgorithm\x64\debug\vc143.idb
c:\users\user\desktop\pro\algorithm\studyalgorithm\studyalgorithm\x64\debug\n과 m(8).obj
c:\users\user\desktop\pro\algorithm\studyalgorithm\studyalgorithm\x64\debug\n과 m(5).obj
c:\users\user\desktop\pro\algorithm\studyalgorithm\studyalgorithm\x64\debug\n과 m(6)cpp.obj
c:\users\user\desktop\pro\algorithm\studyalgorithm\studyalgorithm\x64\debug\nodequeue.obj
c:\users\user\desktop\pro\algorithm\studyalgorithm\studyalgorithm\x64\debug\n-queen.obj
c:\users\user\desktop\pro\algorithm\studyalgorithm\studyalgorithm\x64\debug\main.obj
c:\users\user\desktop\pro\algorithm\studyalgorithm\studyalgorithm\x64\debug\kmp.obj
c:\users\user\desktop\pro\algorithm\studyalgorithm\studyalgorithm\x64\debug\emplace_back.obj
c:\users\user\desktop\pro\algorithm\studyalgorithm\studyalgorithm\x64\debug\dfs와bfs.obj
c:\users\user\desktop\pro\algorithm\studyalgorithm\studyalgorithm\x64\debug\circlequeue.obj
c:\users\user\desktop\pro\algorithm\studyalgorithm\studyalgorithm\x64\debug\ccw.obj
c:\users\user\desktop\pro\algorithm\studyalgorithm\studyalgorithm\x64\debug\bubblesort.obj
c:\users\user\desktop\pro\algorithm\studyalgorithm\studyalgorithm\x64\debug\atm.obj
c:\users\user\desktop\pro\algorithm\studyalgorithm\studyalgorithm\x64\debug\ascii.obj
c:\users\user\desktop\pro\algorithm\studyalgorithm\studyalgorithm\x64\debug\acm호텔.obj
c:\users\user\desktop\pro\algorithm\studyalgorithm\studyalgorithm\x64\debug\ac.obj
c:\users\user\desktop\pro\algorithm\studyalgorithm\studyalgorithm\x64\debug\2중배열선언.obj
c:\users\user\desktop\pro\algorithm\studyalgorithm\studyalgorithm\x64\debug\1로 만들기.obj
c:\users\user\desktop\pro\algorithm\studyalgorithm\studyalgorithm\x64\debug\1,2,3더하기.obj
c:\users\user\desktop\pro\algorithm\studyalgorithm\studyalgorithm\x64\debug\01타일.obj
c:\users\user\desktop\pro\algorithm\studyalgorithm\studyalgorithm\x64\debug\구간 합 구하기5.obj
c:\users\user\desktop\pro\algorithm\studyalgorithm\studyalgorithm\x64\debug\구간 합 구하기4.obj
c:\users\user\desktop\pro\algorithm\studyalgorithm\studyalgorithm\x64\debug\교점갯수출력.obj
c:\users\user\desktop\pro\algorithm\studyalgorithm\studyalgorithm\x64\debug\곱셈1.obj
c:\users\user\desktop\pro\algorithm\studyalgorithm\studyalgorithm\x64\debug\골드바흐의추측.obj
c:\users\user\desktop\pro\algorithm\studyalgorithm\studyalgorithm\x64\debug\골드바흐 파티션.obj
c:\users\user\desktop\pro\algorithm\studyalgorithm\studyalgorithm\x64\debug\계단오르기.obj
c:\users\user\desktop\pro\algorithm\studyalgorithm\studyalgorithm\x64\debug\가장긴바이토닉부분수열.obj
c:\users\user\desktop\pro\algorithm\studyalgorithm\studyalgorithm\x64\debug\가장 긴 증가하는 부분 수열.obj
c:\users\user\desktop\pro\algorithm\studyalgorithm\studyalgorithm\x64\debug\threedots.obj
c:\users\user\desktop\pro\algorithm\studyalgorithm\studyalgorithm\x64\debug\threedice.obj
c:\users\user\desktop\pro\algorithm\studyalgorithm\studyalgorithm\x64\debug\string_to_int.obj
c:\users\user\desktop\pro\algorithm\studyalgorithm\studyalgorithm\x64\debug\stringclass.obj
c:\users\user\desktop\pro\algorithm\studyalgorithm\studyalgorithm\x64\debug\selfnumber.obj
c:\users\user\desktop\pro\algorithm\studyalgorithm\studyalgorithm\x64\debug\rgb거리.obj
c:\users\user\desktop\pro\algorithm\studyalgorithm\studyalgorithm\x64\debug\redblacktree.obj
c:\users\user\desktop\pro\algorithm\studyalgorithm\studyalgorithm\x64\debug\ox퀴즈.obj
c:\users\user\desktop\pro\algorithm\studyalgorithm\studyalgorithm\x64\debug\obb.obj
c:\users\user\desktop\pro\algorithm\studyalgorithm\studyalgorithm\x64\debug\n과m(9).obj
c:\users\user\desktop\pro\algorithm\studyalgorithm\studyalgorithm\x64\debug\n과m(7).obj
c:\users\user\desktop\pro\algorithm\studyalgorithm\studyalgorithm\x64\debug\x보다_작은_수.obj
c:\users\user\desktop\pro\algorithm\studyalgorithm\studyalgorithm\x64\debug\달팽.obj
c:\users\user\desktop\pro\algorithm\studyalgorithm\studyalgorithm\x64\debug\달력만들기.obj
c:\users\user\desktop\pro\algorithm\studyalgorithm\studyalgorithm\x64\debug\단지번호붙이기.obj
c:\users\user\desktop\pro\algorithm\studyalgorithm\studyalgorithm\x64\debug\단어길이재기cpp.obj
c:\users\user\desktop\pro\algorithm\studyalgorithm\studyalgorithm\x64\debug\단어_정렬.obj
c:\users\user\desktop\pro\algorithm\studyalgorithm\studyalgorithm\x64\debug\단어_공부.obj
c:\users\user\desktop\pro\algorithm\studyalgorithm\studyalgorithm\x64\debug\다이얼.obj
c:\users\user\desktop\pro\algorithm\studyalgorithm\studyalgorithm\x64\debug\다리놓기.obj
c:\users\user\desktop\pro\algorithm\studyalgorithm\studyalgorithm\x64\debug\네번째점.obj
c:\users\user\desktop\pro\algorithm\studyalgorithm\studyalgorithm\x64\debug\너의 평점은.obj
c:\users\user\desktop\pro\algorithm\studyalgorithm\studyalgorithm\x64\debug\냅색문제.obj
c:\users\user\desktop\pro\algorithm\studyalgorithm\studyalgorithm\x64\debug\나이트이동.obj
c:\users\user\desktop\pro\algorithm\studyalgorithm\studyalgorithm\x64\debug\나이순_정렬.obj
c:\users\user\desktop\pro\algorithm\studyalgorithm\studyalgorithm\x64\debug\나무자르기.obj
c:\users\user\desktop\pro\algorithm\studyalgorithm\studyalgorithm\x64\debug\나머지 합.obj
c:\users\user\desktop\pro\algorithm\studyalgorithm\studyalgorithm\x64\debug\나는야 포켓몬 마스터 이다솜.obj
c:\users\user\desktop\pro\algorithm\studyalgorithm\studyalgorithm\x64\debug\그룹_단어_체커.obj
c:\users\user\desktop\pro\algorithm\studyalgorithm\studyalgorithm\x64\debug\그대로출력하기.obj
c:\users\user\desktop\pro\algorithm\studyalgorithm\studyalgorithm\x64\debug\균형잡힌세상.obj
c:\users\user\desktop\pro\algorithm\studyalgorithm\studyalgorithm\x64\debug\두개의 트리지름.obj
c:\users\user\desktop\pro\algorithm\studyalgorithm\studyalgorithm\x64\debug\두 수의 합.obj
c:\users\user\desktop\pro\algorithm\studyalgorithm\studyalgorithm\x64\debug\동전o.obj
c:\users\user\desktop\pro\algorithm\studyalgorithm\studyalgorithm\x64\debug\돌게임6.obj
c:\users\user\desktop\pro\algorithm\studyalgorithm\studyalgorithm\x64\debug\돌게임5.obj
c:\users\user\desktop\pro\algorithm\studyalgorithm\studyalgorithm\x64\debug\돌게임3.obj
c:\users\user\desktop\pro\algorithm\studyalgorithm\studyalgorithm\x64\debug\돌게임2cpp.obj
c:\users\user\desktop\pro\algorithm\studyalgorithm\studyalgorithm\x64\debug\돌게임.obj
c:\users\user\desktop\pro\algorithm\studyalgorithm\studyalgorithm\x64\debug\덱리스트.obj
c:\users\user\desktop\pro\algorithm\studyalgorithm\studyalgorithm\x64\debug\덱.obj
c:\users\user\desktop\pro\algorithm\studyalgorithm\studyalgorithm\x64\debug\덩치.obj
c:\users\user\desktop\pro\algorithm\studyalgorithm\studyalgorithm\x64\debug\대표값2.obj
c:\users\user\desktop\pro\algorithm\studyalgorithm\studyalgorithm\x64\debug\대칭 차집합.obj
c:\users\user\desktop\pro\algorithm\studyalgorithm\studyalgorithm\x64\debug\당구연습.obj
c:\users\user\desktop\pro\algorithm\studyalgorithm\studyalgorithm\x64\debug\단어의개수.obj
c:\users\user\desktop\pro\algorithm\studyalgorithm\studyalgorithm\x64\debug\나머지.obj
c:\users\user\desktop\pro\algorithm\studyalgorithm\studyalgorithm\x64\debug\나누기소수점.obj
c:\users\user\desktop\pro\algorithm\studyalgorithm\studyalgorithm\x64\debug\과제_안_내신_분.obj
c:\users\user\desktop\pro\algorithm\studyalgorithm\studyalgorithm\x64\debug\곱셈.obj
c:\users\user\desktop\pro\algorithm\studyalgorithm\studyalgorithm\x64\debug\개수세기.obj
c:\users\user\desktop\pro\algorithm\studyalgorithm\studyalgorithm\x64\debug\보물섬cpp.obj
c:\users\user\desktop\pro\algorithm\studyalgorithm\studyalgorithm\x64\debug\별찍기7.obj
c:\users\user\desktop\pro\algorithm\studyalgorithm\studyalgorithm\x64\debug\별찍기10.obj
c:\users\user\desktop\pro\algorithm\studyalgorithm\studyalgorithm\x64\debug\벽부수고 이동하기2.obj
c:\users\user\desktop\pro\algorithm\studyalgorithm\studyalgorithm\x64\debug\벽부수고 이동하기.obj
c:\users\user\desktop\pro\algorithm\studyalgorithm\studyalgorithm\x64\debug\베트트랑공준.obj
c:\users\user\desktop\pro\algorithm\studyalgorithm\studyalgorithm\x64\debug\벌집.obj
c:\users\user\desktop\pro\algorithm\studyalgorithm\studyalgorithm\x64\debug\뱀과 사다리 게임.obj
c:\users\user\desktop\pro\algorithm\studyalgorithm\studyalgorithm\x64\debug\백조의호수.obj
c:\users\user\desktop\pro\algorithm\studyalgorithm\studyalgorithm\x64\debug\바이러스.obj
c:\users\user\desktop\pro\algorithm\studyalgorithm\studyalgorithm\x64\debug\바보상수.obj
c:\users\user\desktop\pro\algorithm\studyalgorithm\studyalgorithm\x64\debug\미확인 도착지.obj
c:\users\user\desktop\pro\algorithm\studyalgorithm\studyalgorithm\x64\debug\미로탐색.obj
c:\users\user\desktop\pro\algorithm\studyalgorithm\studyalgorithm\x64\debug\문자와 문자열.obj
c:\users\user\desktop\pro\algorithm\studyalgorithm\studyalgorithm\x64\debug\문자열폭발.obj
c:\users\user\desktop\pro\algorithm\studyalgorithm\studyalgorithm\x64\debug\문자열집합.obj
c:\users\user\desktop\pro\algorithm\studyalgorithm\studyalgorithm\x64\debug\문자열_반복.obj
c:\users\user\desktop\pro\algorithm\studyalgorithm\studyalgorithm\x64\debug\문자열.obj
c:\users\user\desktop\pro\algorithm\studyalgorithm\studyalgorithm\x64\debug\랜선자르기.obj
c:\users\user\desktop\pro\algorithm\studyalgorithm\studyalgorithm\x64\debug\듣보잡.obj
c:\users\user\desktop\pro\algorithm\studyalgorithm\studyalgorithm\x64\debug\소수.obj
c:\users\user\desktop\pro\algorithm\studyalgorithm\studyalgorithm\x64\debug\세로읽기.obj
c:\users\user\desktop\pro\algorithm\studyalgorithm\studyalgorithm\x64\debug\섬의개수.obj
c:\users\user\desktop\pro\algorithm\studyalgorithm\studyalgorithm\x64\debug\설탕배달.obj
c:\users\user\desktop\pro\algorithm\studyalgorithm\studyalgorithm\x64\debug\선분교차2.obj
c:\users\user\desktop\pro\algorithm\studyalgorithm\studyalgorithm\x64\debug\선분 교차1.obj
c:\users\user\desktop\pro\algorithm\studyalgorithm\studyalgorithm\x64\debug\서로 다른 부분 문자열 개수.obj
c:\users\user\desktop\pro\algorithm\studyalgorithm\studyalgorithm\x64\debug\색종이만들기.obj
c:\users\user\desktop\pro\algorithm\studyalgorithm\studyalgorithm\x64\debug\색종이.obj
c:\users\user\desktop\pro\algorithm\studyalgorithm\studyalgorithm\x64\debug\사이클 게임.obj
c:\users\user\desktop\pro\algorithm\studyalgorithm\studyalgorithm\x64\debug\빠른a+b.obj
c:\users\user\desktop\pro\algorithm\studyalgorithm\studyalgorithm\x64\debug\빙산.obj
c:\users\user\desktop\pro\algorithm\studyalgorithm\studyalgorithm\x64\debug\비트 연산자.obj
c:\users\user\desktop\pro\algorithm\studyalgorithm\studyalgorithm\x64\debug\블랙잭.obj
c:\users\user\desktop\pro\algorithm\studyalgorithm\studyalgorithm\x64\debug\분해합.obj
c:\users\user\desktop\pro\algorithm\studyalgorithm\studyalgorithm\x64\debug\분수찾기.obj
c:\users\user\desktop\pro\algorithm\studyalgorithm\studyalgorithm\x64\debug\부분합.obj
c:\users\user\desktop\pro\algorithm\studyalgorithm\studyalgorithm\x64\debug\부분수열의 합2.obj
c:\users\user\desktop\pro\algorithm\studyalgorithm\studyalgorithm\x64\debug\부분수열의 합.obj
c:\users\user\desktop\pro\algorithm\studyalgorithm\studyalgorithm\x64\debug\부녀회장이될테야.obj
c:\users\user\desktop\pro\algorithm\studyalgorithm\studyalgorithm\x64\debug\스타트링크.obj
c:\users\user\desktop\pro\algorithm\studyalgorithm\studyalgorithm\x64\debug\스도쿠.obj
c:\users\user\desktop\pro\algorithm\studyalgorithm\studyalgorithm\x64\debug\쉬운계단수cpp.obj
c:\users\user\desktop\pro\algorithm\studyalgorithm\studyalgorithm\x64\debug\숫자카드2.obj
c:\users\user\desktop\pro\algorithm\studyalgorithm\studyalgorithm\x64\debug\숫자카드.obj
c:\users\user\desktop\pro\algorithm\studyalgorithm\studyalgorithm\x64\debug\숫자의합.obj
c:\users\user\desktop\pro\algorithm\studyalgorithm\studyalgorithm\x64\debug\숨바꼭질3.obj
c:\users\user\desktop\pro\algorithm\studyalgorithm\studyalgorithm\x64\debug\숨바꼭질2cpp.obj
c:\users\user\desktop\pro\algorithm\studyalgorithm\studyalgorithm\x64\debug\숨바꼭질.obj
c:\users\user\desktop\pro\algorithm\studyalgorithm\studyalgorithm\x64\debug\수학은 비대면강의입니다.obj
c:\users\user\desktop\pro\algorithm\studyalgorithm\studyalgorithm\x64\debug\수정렬하기3.obj
c:\users\user\desktop\pro\algorithm\studyalgorithm\studyalgorithm\x64\debug\수정렬.obj
c:\users\user\desktop\pro\algorithm\studyalgorithm\studyalgorithm\x64\debug\수열.obj
c:\users\user\desktop\pro\algorithm\studyalgorithm\studyalgorithm\x64\debug\손익분기점.obj
c:\users\user\desktop\pro\algorithm\studyalgorithm\studyalgorithm\x64\debug\소트인사이드.obj
c:\users\user\desktop\pro\algorithm\studyalgorithm\studyalgorithm\x64\debug\소인수분해.obj
c:\users\user\desktop\pro\algorithm\studyalgorithm\studyalgorithm\x64\debug\n과m.obj
c:\users\user\desktop\pro\algorithm\studyalgorithm\studyalgorithm\x64\debug\소수찾기.obj
c:\users\user\desktop\pro\algorithm\studyalgorithm\studyalgorithm\x64\debug\소수의 연속합.obj
c:\users\user\desktop\pro\algorithm\studyalgorithm\studyalgorithm\x64\debug\소수_구하기.obj
c:\users\user\desktop\pro\algorithm\studyalgorithm\studyalgorithm\x64\debug\암호만들기.obj
c:\users\user\desktop\pro\algorithm\studyalgorithm\studyalgorithm\x64\debug\알파벳_찾기.obj
c:\users\user\desktop\pro\algorithm\studyalgorithm\studyalgorithm\x64\debug\알람시계.obj
c:\users\user\desktop\pro\algorithm\studyalgorithm\studyalgorithm\x64\debug\알고리즘수업-피보나치수1.obj
c:\users\user\desktop\pro\algorithm\studyalgorithm\studyalgorithm\x64\debug\알고리즘수업- 깊이 우선 탐색1.obj
c:\users\user\desktop\pro\algorithm\studyalgorithm\studyalgorithm\x64\debug\알고리즘 수업-알고리즘의 수행 시간 6.obj
c:\users\user\desktop\pro\algorithm\studyalgorithm\studyalgorithm\x64\debug\알고리즘 수업-알고리즘의 수행 시간 4.obj
c:\users\user\desktop\pro\algorithm\studyalgorithm\studyalgorithm\x64\debug\알고리즘 수업-알고리즘의 수행 시간 3cpp.obj
c:\users\user\desktop\pro\algorithm\studyalgorithm\studyalgorithm\x64\debug\알고리즘 수업-알고리즘의 수행 시간 2.obj
c:\users\user\desktop\pro\algorithm\studyalgorithm\studyalgorithm\x64\debug\알고리즘 수업-알고리즘의 수행 시간 1.obj
c:\users\user\desktop\pro\algorithm\studyalgorithm\studyalgorithm\x64\debug\알고리즘 수업-너비 우선 탐색2.obj
c:\users\user\desktop\pro\algorithm\studyalgorithm\studyalgorithm\x64\debug\알고리즘 수업-너비 우선 탐색1.obj
c:\users\user\desktop\pro\algorithm\studyalgorithm\studyalgorithm\x64\debug\알고리즘 수업-깊이 우선 탐색2.obj
c:\users\user\desktop\pro\algorithm\studyalgorithm\studyalgorithm\x64\debug\알고리즘 수업 -알고리즘의 수행 시간 5.obj
c:\users\user\desktop\pro\algorithm\studyalgorithm\studyalgorithm\x64\debug\알고리즘 수업 - 점근적 표기1.obj
c:\users\user\desktop\pro\algorithm\studyalgorithm\studyalgorithm\x64\debug\안전영역.obj
c:\users\user\desktop\pro\algorithm\studyalgorithm\studyalgorithm\x64\debug\아기상어.obj
c:\users\user\desktop\pro\algorithm\studyalgorithm\studyalgorithm\x64\debug\신나는 함수 실행.obj
c:\users\user\desktop\pro\algorithm\studyalgorithm\studyalgorithm\x64\debug\스택.obj
c:\users\user\desktop\pro\algorithm\studyalgorithm\studyalgorithm\x64\debug\스타트와 링크.obj
c:\users\user\desktop\pro\algorithm\studyalgorithm\studyalgorithm\x64\debug\저울.obj
c:\users\user\desktop\pro\algorithm\studyalgorithm\studyalgorithm\x64\debug\재귀의 귀재.obj
c:\users\user\desktop\pro\algorithm\studyalgorithm\studyalgorithm\x64\debug\잃어버린 괄호.obj
c:\users\user\desktop\pro\algorithm\studyalgorithm\studyalgorithm\x64\debug\이항계수와 쿼리.obj
c:\users\user\desktop\pro\algorithm\studyalgorithm\studyalgorithm\x64\debug\이항계수3.obj
c:\users\user\desktop\pro\algorithm\studyalgorithm\studyalgorithm\x64\debug\이항계수2.obj
c:\users\user\desktop\pro\algorithm\studyalgorithm\studyalgorithm\x64\debug\이분그래프.obj
c:\users\user\desktop\pro\algorithm\studyalgorithm\studyalgorithm\x64\debug\유기농 배추.obj
c:\users\user\desktop\pro\algorithm\studyalgorithm\studyalgorithm\x64\debug\용액.obj
c:\users\user\desktop\pro\algorithm\studyalgorithm\studyalgorithm\x64\debug\요세푸스 푸스문제.obj
c:\users\user\desktop\pro\algorithm\studyalgorithm\studyalgorithm\x64\debug\오큰수.obj
c:\users\user\desktop\pro\algorithm\studyalgorithm\studyalgorithm\x64\debug\오븐시계.obj
c:\users\user\desktop\pro\algorithm\studyalgorithm\studyalgorithm\x64\debug\오동큰수.obj
c:\users\user\desktop\pro\algorithm\studyalgorithm\studyalgorithm\x64\debug\영화감독 숀.obj
c:\users\user\desktop\pro\algorithm\studyalgorithm\studyalgorithm\x64\debug\영수증.obj
c:\users\user\desktop\pro\algorithm\studyalgorithm\studyalgorithm\x64\debug\연속합.obj
c:\users\user\desktop\pro\algorithm\studyalgorithm\studyalgorithm\x64\debug\연산자 끼워넣기.obj
c:\users\user\desktop\pro\algorithm\studyalgorithm\studyalgorithm\x64\debug\연구소.obj
c:\users\user\desktop\pro\algorithm\studyalgorithm\studyalgorithm\x64\debug\연결 요소의 개수.obj
c:\users\user\desktop\pro\algorithm\studyalgorithm\studyalgorithm\x64\debug\여행가자.obj
c:\users\user\desktop\pro\algorithm\studyalgorithm\studyalgorithm\x64\debug\최대힙.obj
c:\users\user\desktop\pro\algorithm\studyalgorithm\studyalgorithm\x64\debug\최단경로.obj
c:\users\user\desktop\pro\algorithm\studyalgorithm\studyalgorithm\x64\debug\체스판다시칠하기.obj
c:\users\user\desktop\pro\algorithm\studyalgorithm\studyalgorithm\x64\debug\체스판 다시 칠하기 2.obj
c:\users\user\desktop\pro\algorithm\studyalgorithm\studyalgorithm\x64\debug\집합의 표현.obj
c:\users\user\desktop\pro\algorithm\studyalgorithm\studyalgorithm\x64\debug\직사각형에서 탈출.obj
c:\users\user\desktop\pro\algorithm\studyalgorithm\studyalgorithm\x64\debug\직사각형.obj
c:\users\user\desktop\pro\algorithm\studyalgorithm\studyalgorithm\x64\debug\직각삼각형.obj
c:\users\user\desktop\pro\algorithm\studyalgorithm\studyalgorithm\x64\debug\주유소.obj
c:\users\user\desktop\pro\algorithm\studyalgorithm\studyalgorithm\x64\debug\좌표정렬하기2.obj
c:\users\user\desktop\pro\algorithm\studyalgorithm\studyalgorithm\x64\debug\좌표정렬하기.obj
c:\users\user\desktop\pro\algorithm\studyalgorithm\studyalgorithm\x64\debug\좌표정렬시간초과.obj
c:\users\user\desktop\pro\algorithm\studyalgorithm\studyalgorithm\x64\debug\좌표압축.obj
c:\users\user\desktop\pro\algorithm\studyalgorithm\studyalgorithm\x64\debug\종이의개수.obj
c:\users\user\desktop\pro\algorithm\studyalgorithm\studyalgorithm\x64\debug\제로.obj
c:\users\user\desktop\pro\algorithm\studyalgorithm\studyalgorithm\x64\debug\정수삼각형.obj
c:\users\user\desktop\pro\algorithm\studyalgorithm\studyalgorithm\x64\debug\정수n개의합.obj
c:\users\user\desktop\pro\algorithm\studyalgorithm\studyalgorithm\x64\debug\절댓값힙.obj
c:\users\user\desktop\pro\algorithm\studyalgorithm\studyalgorithm\x64\debug\전화번호 목록.obj
c:\users\user\desktop\pro\algorithm\studyalgorithm\studyalgorithm\x64\debug\적록색약.obj
c:\users\user\desktop\pro\algorithm\studyalgorithm\studyalgorithm\x64\debug\트리의 부모찾기cpp.obj
c:\users\user\desktop\pro\algorithm\studyalgorithm\studyalgorithm\x64\debug\트리순회.obj
c:\users\user\desktop\pro\algorithm\studyalgorithm\studyalgorithm\x64\debug\트리cpp.obj
c:\users\user\desktop\pro\algorithm\studyalgorithm\studyalgorithm\x64\debug\통계학.obj
c:\users\user\desktop\pro\algorithm\studyalgorithm\studyalgorithm\x64\debug\토마토cpp.obj
c:\users\user\desktop\pro\algorithm\studyalgorithm\studyalgorithm\x64\debug\토마토2cpp.obj
c:\users\user\desktop\pro\algorithm\studyalgorithm\studyalgorithm\x64\debug\타임머신.obj
c:\users\user\desktop\pro\algorithm\studyalgorithm\studyalgorithm\x64\debug\큰_수a+b.obj
c:\users\user\desktop\pro\algorithm\studyalgorithm\studyalgorithm\x64\debug\크로아티아알파벳.obj
c:\users\user\desktop\pro\algorithm\studyalgorithm\studyalgorithm\x64\debug\큐2.obj
c:\users\user\desktop\pro\algorithm\studyalgorithm\studyalgorithm\x64\debug\쿼드트리.obj
c:\users\user\desktop\pro\algorithm\studyalgorithm\studyalgorithm\x64\debug\커트라인.obj
c:\users\user\desktop\pro\algorithm\studyalgorithm\studyalgorithm\x64\debug\칸토어집합.obj
c:\users\user\desktop\pro\algorithm\studyalgorithm\studyalgorithm\x64\debug\카드2.obj
c:\users\user\desktop\pro\algorithm\studyalgorithm\studyalgorithm\x64\debug\친구네트워크.obj
c:\users\user\desktop\pro\algorithm\studyalgorithm\studyalgorithm\x64\debug\치즈2.obj
c:\users\user\desktop\pro\algorithm\studyalgorithm\studyalgorithm\x64\debug\치즈1.obj
c:\users\user\desktop\pro\algorithm\studyalgorithm\studyalgorithm\x64\debug\최소_최대.obj
c:\users\user\desktop\pro\algorithm\studyalgorithm\studyalgorithm\x64\debug\최소 힙.obj
c:\users\user\desktop\pro\algorithm\studyalgorithm\studyalgorithm\x64\debug\최댓값.obj
c:\users\user\desktop\pro\algorithm\studyalgorithm\studyalgorithm\x64\debug\회전하는 큐.obj
c:\users\user\desktop\pro\algorithm\studyalgorithm\studyalgorithm\x64\debug\회사에 있는 사람.obj
c:\users\user\desktop\pro\algorithm\studyalgorithm\studyalgorithm\x64\debug\행렬최댓값.obj
c:\users\user\desktop\pro\algorithm\studyalgorithm\studyalgorithm\x64\debug\행렬제곱.obj
c:\users\user\desktop\pro\algorithm\studyalgorithm\studyalgorithm\x64\debug\행렬덧셈.obj
c:\users\user\desktop\pro\algorithm\studyalgorithm\studyalgorithm\x64\debug\행렬곱셈.obj
c:\users\user\desktop\pro\algorithm\studyalgorithm\studyalgorithm\x64\debug\한수.obj
c:\users\user\desktop\pro\algorithm\studyalgorithm\studyalgorithm\x64\debug\피보나치cpp.obj
c:\users\user\desktop\pro\algorithm\studyalgorithm\studyalgorithm\x64\debug\피보나치6.obj
c:\users\user\desktop\pro\algorithm\studyalgorithm\studyalgorithm\x64\debug\프린터 큐.obj
c:\users\user\desktop\pro\algorithm\studyalgorithm\studyalgorithm\x64\debug\평균은_넘겠지.obj
c:\users\user\desktop\pro\algorithm\studyalgorithm\studyalgorithm\x64\debug\평균.obj
c:\users\user\desktop\pro\algorithm\studyalgorithm\studyalgorithm\x64\debug\팩토리얼cpp.obj
c:\users\user\desktop\pro\algorithm\studyalgorithm\studyalgorithm\x64\debug\파도반수열.obj
c:\users\user\desktop\pro\algorithm\studyalgorithm\studyalgorithm\x64\debug\특정한 최단 경로.obj
c:\users\user\desktop\pro\algorithm\studyalgorithm\studyalgorithm\x64\debug\트리의 지름cpp.obj
c:\users\user\desktop\pro\algorithm\studyalgorithm\studyalgorithm\x64\debug\트리의 지름2.obj
c:\users\user\desktop\pro\algorithm\studyalgorithm\studyalgorithm\x64\debug\studyalgorithm.ilk
c:\users\user\desktop\pro\algorithm\studyalgorithm\x64\debug\studyalgorithm.exe
c:\users\user\desktop\pro\algorithm\studyalgorithm\x64\debug\studyalgorithm.pdb
c:\users\user\desktop\pro\algorithm\studyalgorithm\studyalgorithm\x64\debug\studyalgorithm.tlog\cl.command.1.tlog
c:\users\user\desktop\pro\algorithm\studyalgorithm\studyalgorithm\x64\debug\studyalgorithm.tlog\cl.items.tlog
c:\users\user\desktop\pro\algorithm\studyalgorithm\studyalgorithm\x64\debug\studyalgorithm.tlog\cl.read.1.tlog
c:\users\user\desktop\pro\algorithm\studyalgorithm\studyalgorithm\x64\debug\studyalgorithm.tlog\cl.write.1.tlog
c:\users\user\desktop\pro\algorithm\studyalgorithm\studyalgorithm\x64\debug\studyalgorithm.tlog\link.command.1.tlog
c:\users\user\desktop\pro\algorithm\studyalgorithm\studyalgorithm\x64\debug\studyalgorithm.tlog\link.read.1.tlog
c:\users\user\desktop\pro\algorithm\studyalgorithm\studyalgorithm\x64\debug\studyalgorithm.tlog\link.write.1.tlog
